Open5GS daemon v2.6.4-22-g93bcd7f

06/19 03:19:59.326: [app] INFO: Configuration: '/home/vagrant/joder/open5gs/install/etc/open5gs/amf.yaml' (../lib/app/ogs-init.c:126)
06/19 03:19:59.326: [app] INFO: File Logging: '/home/vagrant/joder/open5gs/install/var/log/open5gs/amf.log' (../lib/app/ogs-init.c:129)
06/19 03:19:59.329: [metrics] INFO: metrics_server() [http://127.0.0.5]:9090 (../lib/metrics/prometheus/context.c:299)
06/19 03:19:59.329: [sbi] INFO: NF Service [namf-comm] (../lib/sbi/context.c:1438)
06/19 03:19:59.334: [sbi] INFO: nghttp2_server() [http://127.0.0.5]:7777 (../lib/sbi/nghttp2-server.c:395)
06/19 03:19:59.335: [amf] INFO: ngap_server() [127.0.0.5]:38412 (../src/amf/ngap-sctp.c:61)
06/19 03:19:59.335: [sctp] INFO: AMF initialize...done (../src/amf/app.c:33)
06/19 03:19:59.336: [sbi] INFO: [2bfdb2c6-0e50-41ee-a4fb-d32fcf928074] NF registered [Heartbeat:10s] (../lib/sbi/nf-sm.c:214)
06/19 03:19:59.339: [sbi] INFO: [2bff025c-0e50-41ee-84b2-255c66b3d716] Subscription created until 2023-06-20T03:19:59.336937+00:00 [duration:86400,validity:86399.997597,patch:43199.998798] (../lib/sbi/nnrf-handler.c:509)
06/19 03:19:59.339: [sbi] INFO: [2bff13d2-0e50-41ee-84b2-255c66b3d716] Subscription created until 2023-06-20T03:19:59.337371+00:00 [duration:86400,validity:86399.997981,patch:43199.998990] (../lib/sbi/nnrf-handler.c:509)
06/19 03:19:59.339: [sbi] INFO: [2bff2426-0e50-41ee-84b2-255c66b3d716] Subscription created until 2023-06-20T03:19:59.337789+00:00 [duration:86400,validity:86399.998364,patch:43199.999182] (../lib/sbi/nnrf-handler.c:509)
06/19 03:19:59.339: [sbi] INFO: [2bff33d0-0e50-41ee-84b2-255c66b3d716] Subscription created until 2023-06-20T03:19:59.338190+00:00 [duration:86400,validity:86399.998732,patch:43199.999366] (../lib/sbi/nnrf-handler.c:509)
06/19 03:19:59.339: [sbi] INFO: [2bff4366-0e50-41ee-84b2-255c66b3d716] Subscription created until 2023-06-20T03:19:59.338588+00:00 [duration:86400,validity:86399.999098,patch:43199.999549] (../lib/sbi/nnrf-handler.c:509)
06/19 03:19:59.339: [sbi] INFO: [2bff5310-0e50-41ee-84b2-255c66b3d716] Subscription created until 2023-06-20T03:19:59.338990+00:00 [duration:86400,validity:86399.999468,patch:43199.999734] (../lib/sbi/nnrf-handler.c:509)
06/19 03:20:01.361: [sbi] INFO: [2d320a16-0e50-41ee-9891-119a7648d214] (NRF-notify) NF registered (../lib/sbi/nnrf-handler.c:725)
06/19 03:20:01.361: [sbi] INFO: [2d320a16-0e50-41ee-9891-119a7648d214] (NRF-notify) NF Profile updated (../lib/sbi/nnrf-handler.c:735)
06/19 03:20:01.371: [sbi] INFO: [2d324a26-0e50-41ee-80ec-adeb9a050d59] (NRF-notify) NF registered (../lib/sbi/nnrf-handler.c:725)
06/19 03:20:01.371: [sbi] INFO: [2d324a26-0e50-41ee-80ec-adeb9a050d59] (NRF-notify) NF Profile updated (../lib/sbi/nnrf-handler.c:735)
06/19 03:20:01.372: [sbi] WARNING: [2d324a26-0e50-41ee-80ec-adeb9a050d59] (NRF-notify) NF has already been added (../lib/sbi/nnrf-handler.c:729)
06/19 03:20:01.372: [sbi] INFO: [2d324a26-0e50-41ee-80ec-adeb9a050d59] (NRF-notify) NF Profile updated (../lib/sbi/nnrf-handler.c:735)
06/19 03:20:01.372: [sbi] WARNING: NF EndPoint updated [127.0.0.12:80] (../lib/sbi/context.c:1623)
06/19 03:20:01.372: [sbi] WARNING: NF EndPoint updated [127.0.0.12:7777] (../lib/sbi/context.c:1532)
06/19 03:20:01.379: [sbi] INFO: [2d349de4-0e50-41ee-8e67-7df7c89e1ee0] (NRF-notify) NF registered (../lib/sbi/nnrf-handler.c:725)
06/19 03:20:01.379: [sbi] INFO: [2d349de4-0e50-41ee-8e67-7df7c89e1ee0] (NRF-notify) NF Profile updated (../lib/sbi/nnrf-handler.c:735)
06/19 03:20:01.475: [sbi] INFO: [2d3c7096-0e50-41ee-95b9-af631d46c2e6] (NRF-notify) NF registered (../lib/sbi/nnrf-handler.c:725)
06/19 03:20:01.475: [sbi] INFO: [2d3c7096-0e50-41ee-95b9-af631d46c2e6] (NRF-notify) NF Profile updated (../lib/sbi/nnrf-handler.c:735)
06/19 03:20:27.968: [app] INFO: SIGTERM received (../src/main.c:53)
06/19 03:20:27.968: [app] INFO: Open5GS daemon terminating... (../src/main.c:226)
06/19 03:20:27.968: [sbi] INFO: [2bfdb2c6-0e50-41ee-a4fb-d32fcf928074] NF de-registered (../lib/sbi/nf-sm.c:240)
06/19 03:20:27.974: [sctp] INFO: AMF terminate...done (../src/amf/app.c:42)
Open5GS daemon v2.6.4-22-g93bcd7f

06/19 03:21:05.433: [app] INFO: Configuration: '/home/vagrant/joder/open5gs/install/etc/open5gs/amf.yaml' (../lib/app/ogs-init.c:126)
06/19 03:21:05.433: [app] INFO: File Logging: '/home/vagrant/joder/open5gs/install/var/log/open5gs/amf.log' (../lib/app/ogs-init.c:129)
06/19 03:21:05.447: [metrics] INFO: metrics_server() [http://127.0.0.5]:9090 (../lib/metrics/prometheus/context.c:299)
06/19 03:21:05.448: [sbi] INFO: NF Service [namf-comm] (../lib/sbi/context.c:1438)
06/19 03:21:05.448: [sbi] INFO: nghttp2_server() [http://127.0.0.5]:7777 (../lib/sbi/nghttp2-server.c:395)
06/19 03:21:05.449: [amf] INFO: ngap_server() [127.0.0.5]:38412 (../src/amf/ngap-sctp.c:61)
06/19 03:21:05.449: [sctp] INFO: AMF initialize...done (../src/amf/app.c:33)
06/19 03:21:05.456: [sbi] INFO: [53655b8e-0e50-41ee-83f9-71097b121f8d] NF registered [Heartbeat:10s] (../lib/sbi/nf-sm.c:214)
06/19 03:21:05.458: [sbi] INFO: [536833ea-0e50-41ee-9857-214cbe202114] Subscription created until 2023-06-20T03:21:05.457541+00:00 [duration:86400,validity:86399.998582,patch:43199.999291] (../lib/sbi/nnrf-handler.c:509)
06/19 03:21:05.460: [sbi] INFO: [5368745e-0e50-41ee-9857-214cbe202114] Subscription created until 2023-06-20T03:21:05.459119+00:00 [duration:86400,validity:86399.998490,patch:43199.999245] (../lib/sbi/nnrf-handler.c:509)
06/19 03:21:05.461: [sbi] INFO: [53687a62-0e50-41ee-9857-214cbe202114] Subscription created until 2023-06-20T03:21:05.459271+00:00 [duration:86400,validity:86399.998273,patch:43199.999136] (../lib/sbi/nnrf-handler.c:509)
06/19 03:21:05.461: [sbi] INFO: [53688110-0e50-41ee-9857-214cbe202114] Subscription created until 2023-06-20T03:21:05.459439+00:00 [duration:86400,validity:86399.998255,patch:43199.999127] (../lib/sbi/nnrf-handler.c:509)
06/19 03:21:05.461: [sbi] INFO: [53688534-0e50-41ee-9857-214cbe202114] Subscription created until 2023-06-20T03:21:05.459544+00:00 [duration:86400,validity:86399.998195,patch:43199.999097] (../lib/sbi/nnrf-handler.c:509)
06/19 03:21:05.462: [sbi] INFO: [53688908-0e50-41ee-9857-214cbe202114] Subscription created until 2023-06-20T03:21:05.459643+00:00 [duration:86400,validity:86399.997557,patch:43199.998778] (../lib/sbi/nnrf-handler.c:509)
06/19 03:21:07.502: [sbi] INFO: [549d2766-0e50-41ee-86f2-4181acc66a6b] (NRF-notify) NF registered (../lib/sbi/nnrf-handler.c:725)
06/19 03:21:07.504: [sbi] INFO: [549d2766-0e50-41ee-86f2-4181acc66a6b] (NRF-notify) NF Profile updated (../lib/sbi/nnrf-handler.c:735)
06/19 03:21:07.506: [sbi] INFO: [54a0074c-0e50-41ee-b086-cd433b17196c] (NRF-notify) NF registered (../lib/sbi/nnrf-handler.c:725)
06/19 03:21:07.506: [sbi] INFO: [54a0074c-0e50-41ee-b086-cd433b17196c] (NRF-notify) NF Profile updated (../lib/sbi/nnrf-handler.c:735)
06/19 03:21:07.508: [sbi] INFO: [549ecc7e-0e50-41ee-9086-a36a2dbefd6b] (NRF-notify) NF registered (../lib/sbi/nnrf-handler.c:725)
06/19 03:21:07.508: [sbi] INFO: [549ecc7e-0e50-41ee-9086-a36a2dbefd6b] (NRF-notify) NF Profile updated (../lib/sbi/nnrf-handler.c:735)
06/19 03:21:07.521: [sbi] INFO: [54a29a0c-0e50-41ee-b622-47944bbe451a] (NRF-notify) NF registered (../lib/sbi/nnrf-handler.c:725)
06/19 03:21:07.521: [sbi] INFO: [54a29a0c-0e50-41ee-b622-47944bbe451a] (NRF-notify) NF Profile updated (../lib/sbi/nnrf-handler.c:735)
06/19 03:21:07.521: [sbi] WARNING: [54a29a0c-0e50-41ee-b622-47944bbe451a] (NRF-notify) NF has already been added (../lib/sbi/nnrf-handler.c:729)
06/19 03:21:07.521: [sbi] INFO: [54a29a0c-0e50-41ee-b622-47944bbe451a] (NRF-notify) NF Profile updated (../lib/sbi/nnrf-handler.c:735)
06/19 03:21:07.521: [sbi] WARNING: NF EndPoint updated [127.0.0.12:80] (../lib/sbi/context.c:1623)
06/19 03:21:07.521: [sbi] WARNING: NF EndPoint updated [127.0.0.12:7777] (../lib/sbi/context.c:1532)
06/19 03:23:16.175: [app] INFO: SIGTERM received (../src/main.c:53)
06/19 03:23:16.176: [app] INFO: Open5GS daemon terminating... (../src/main.c:226)
06/19 03:23:16.176: [sbi] INFO: [53655b8e-0e50-41ee-83f9-71097b121f8d] NF de-registered (../lib/sbi/nf-sm.c:240)
06/19 03:23:16.180: [sctp] INFO: AMF terminate...done (../src/amf/app.c:42)
