Open5GS daemon v2.6.4-22-g93bcd7f

06/19 03:20:01.353: [app] INFO: Configuration: '/home/vagrant/joder/open5gs/install/etc/open5gs/bsf.yaml' (../lib/app/ogs-init.c:126)
06/19 03:20:01.353: [app] INFO: File Logging: '/home/vagrant/joder/open5gs/install/var/log/open5gs/bsf.log' (../lib/app/ogs-init.c:129)
06/19 03:20:01.354: [sbi] INFO: NF Service [nbsf-management] (../lib/sbi/context.c:1438)
06/19 03:20:01.362: [sbi] INFO: nghttp2_server() [http://127.0.0.15]:7777 (../lib/sbi/nghttp2-server.c:395)
06/19 03:20:01.362: [app] INFO: BSF initialize...done (../src/bsf/app.c:31)
06/19 03:20:01.366: [sbi] INFO: [2d32e954-0e50-41ee-8b83-3dded4656f8a] NF registered [Heartbeat:10s] (../lib/sbi/nf-sm.c:214)
06/19 03:20:27.968: [app] INFO: SIGTERM received (../src/main.c:53)
06/19 03:20:27.968: [app] INFO: Open5GS daemon terminating... (../src/main.c:226)
06/19 03:20:27.968: [sbi] INFO: [2d32e954-0e50-41ee-8b83-3dded4656f8a] NF de-registered (../lib/sbi/nf-sm.c:240)
06/19 03:20:27.970: [app] INFO: BSF terminate...done (../src/bsf/app.c:39)
Open5GS daemon v2.6.4-22-g93bcd7f

06/19 03:21:07.482: [app] INFO: Configuration: '/home/vagrant/joder/open5gs/install/etc/open5gs/bsf.yaml' (../lib/app/ogs-init.c:126)
06/19 03:21:07.482: [app] INFO: File Logging: '/home/vagrant/joder/open5gs/install/var/log/open5gs/bsf.log' (../lib/app/ogs-init.c:129)
06/19 03:21:07.494: [sbi] INFO: NF Service [nbsf-management] (../lib/sbi/context.c:1438)
06/19 03:21:07.500: [sbi] INFO: nghttp2_server() [http://127.0.0.15]:7777 (../lib/sbi/nghttp2-server.c:395)
06/19 03:21:07.503: [app] INFO: BSF initialize...done (../src/bsf/app.c:31)
06/19 03:21:07.504: [sbi] INFO: [549e9114-0e50-41ee-b3dd-3ddf0d89cd59] NF registered [Heartbeat:10s] (../lib/sbi/nf-sm.c:214)
06/19 03:23:16.175: [app] INFO: SIGTERM received (../src/main.c:53)
06/19 03:23:16.175: [app] INFO: Open5GS daemon terminating... (../src/main.c:226)
06/19 03:23:16.175: [sbi] INFO: [549e9114-0e50-41ee-b3dd-3ddf0d89cd59] NF de-registered (../lib/sbi/nf-sm.c:240)
06/19 03:23:16.179: [app] INFO: BSF terminate...done (../src/bsf/app.c:39)
