Open5GS daemon v2.6.4-22-g93bcd7f

06/19 03:19:55.340: [app] INFO: Configuration: '/home/vagrant/joder/open5gs/install/etc/open5gs/nrf.yaml' (../lib/app/ogs-init.c:126)
06/19 03:19:55.340: [app] INFO: File Logging: '/home/vagrant/joder/open5gs/install/var/log/open5gs/nrf.log' (../lib/app/ogs-init.c:129)
06/19 03:19:55.344: [sbi] INFO: nghttp2_server() [http://127.0.0.10]:7777 (../lib/sbi/nghttp2-server.c:395)
06/19 03:19:55.344: [sbi] INFO: nghttp2_server() [http://::1]:7777 (../lib/sbi/nghttp2-server.c:395)
06/19 03:19:55.344: [app] INFO: NRF initialize...done (../src/nrf/app.c:31)
06/19 03:19:57.310: [nrf] INFO: [2ac7adc6-0e50-41ee-b071-f33be50309a3] NF registered [Heartbeat:10s] (../src/nrf/nf-sm.c:190)
06/19 03:19:57.313: [nrf] INFO: [2aca4216-0e50-41ee-84b2-255c66b3d716] Subscription created until 2023-06-20T03:19:57.313509+00:00 [validity_duration:86400] (../src/nrf/nnrf-handler.c:334)
06/19 03:19:57.313: [nrf] INFO: [2aca51a2-0e50-41ee-84b2-255c66b3d716] Subscription created until 2023-06-20T03:19:57.313894+00:00 [validity_duration:86400] (../src/nrf/nnrf-handler.c:334)
06/19 03:19:57.314: [nrf] INFO: [2aca5e04-0e50-41ee-84b2-255c66b3d716] Subscription created until 2023-06-20T03:19:57.314209+00:00 [validity_duration:86400] (../src/nrf/nnrf-handler.c:334)
06/19 03:19:57.314: [nrf] INFO: [2aca6dae-0e50-41ee-84b2-255c66b3d716] Subscription created until 2023-06-20T03:19:57.314611+00:00 [validity_duration:86400] (../src/nrf/nnrf-handler.c:334)
06/19 03:19:57.314: [nrf] INFO: [2aca79a2-0e50-41ee-84b2-255c66b3d716] Subscription created until 2023-06-20T03:19:57.314917+00:00 [validity_duration:86400] (../src/nrf/nnrf-handler.c:334)
06/19 03:19:57.315: [nrf] INFO: [2aca8564-0e50-41ee-84b2-255c66b3d716] Subscription created until 2023-06-20T03:19:57.315221+00:00 [validity_duration:86400] (../src/nrf/nnrf-handler.c:334)
06/19 03:19:57.315: [nrf] INFO: [2aca9482-0e50-41ee-84b2-255c66b3d716] Subscription created until 2023-06-20T03:19:57.315605+00:00 [validity_duration:86400] (../src/nrf/nnrf-handler.c:334)
06/19 03:19:57.315: [nrf] INFO: [2acaa062-0e50-41ee-84b2-255c66b3d716] Subscription created until 2023-06-20T03:19:57.315908+00:00 [validity_duration:86400] (../src/nrf/nnrf-handler.c:334)
06/19 03:19:59.335: [nrf] INFO: [2bfdb2c6-0e50-41ee-a4fb-d32fcf928074] NF registered [Heartbeat:10s] (../src/nrf/nf-sm.c:190)
06/19 03:19:59.336: [nrf] INFO: [2bff025c-0e50-41ee-84b2-255c66b3d716] Subscription created until 2023-06-20T03:19:59.336937+00:00 [validity_duration:86400] (../src/nrf/nnrf-handler.c:334)
06/19 03:19:59.337: [nrf] INFO: [2bff13d2-0e50-41ee-84b2-255c66b3d716] Subscription created until 2023-06-20T03:19:59.337371+00:00 [validity_duration:86400] (../src/nrf/nnrf-handler.c:334)
06/19 03:19:59.337: [nrf] INFO: [2bff2426-0e50-41ee-84b2-255c66b3d716] Subscription created until 2023-06-20T03:19:59.337789+00:00 [validity_duration:86400] (../src/nrf/nnrf-handler.c:334)
06/19 03:19:59.338: [nrf] INFO: [2bff33d0-0e50-41ee-84b2-255c66b3d716] Subscription created until 2023-06-20T03:19:59.338190+00:00 [validity_duration:86400] (../src/nrf/nnrf-handler.c:334)
06/19 03:19:59.338: [nrf] INFO: [2bff4366-0e50-41ee-84b2-255c66b3d716] Subscription created until 2023-06-20T03:19:59.338588+00:00 [validity_duration:86400] (../src/nrf/nnrf-handler.c:334)
06/19 03:19:59.338: [nrf] INFO: [2bff5310-0e50-41ee-84b2-255c66b3d716] Subscription created until 2023-06-20T03:19:59.338990+00:00 [validity_duration:86400] (../src/nrf/nnrf-handler.c:334)
06/19 03:20:01.359: [nrf] INFO: [2d320a16-0e50-41ee-9891-119a7648d214] NF registered [Heartbeat:10s] (../src/nrf/nf-sm.c:190)
06/19 03:20:01.364: [nrf] INFO: [2d32e954-0e50-41ee-8b83-3dded4656f8a] NF registered [Heartbeat:10s] (../src/nrf/nf-sm.c:190)
06/19 03:20:01.367: [nrf] INFO: [2d324a26-0e50-41ee-80ec-adeb9a050d59] NF registered [Heartbeat:10s] (../src/nrf/nf-sm.c:190)
06/19 03:20:01.373: [nrf] INFO: [2d349de4-0e50-41ee-8e67-7df7c89e1ee0] NF registered [Heartbeat:10s] (../src/nrf/nf-sm.c:190)
06/19 03:20:01.380: [nrf] INFO: [2d36cbdc-0e50-41ee-84b2-255c66b3d716] Subscription created until 2023-06-20T03:20:01.380285+00:00 [validity_duration:86400] (../src/nrf/nnrf-handler.c:334)
06/19 03:20:01.385: [nrf] INFO: [2d37a8ea-0e50-41ee-84b2-255c66b3d716] Subscription created until 2023-06-20T03:20:01.385947+00:00 [validity_duration:86400] (../src/nrf/nnrf-handler.c:334)
06/19 03:20:01.473: [nrf] INFO: [2d3c6cf4-0e50-41ee-bf4f-1f1d6235bc79] NF registered [Heartbeat:10s] (../src/nrf/nf-sm.c:190)
06/19 03:20:01.474: [nrf] INFO: [2d3c7096-0e50-41ee-95b9-af631d46c2e6] NF registered [Heartbeat:10s] (../src/nrf/nf-sm.c:190)
06/19 03:20:01.478: [nrf] INFO: [2d45a990-0e50-41ee-84b2-255c66b3d716] Subscription created until 2023-06-20T03:20:01.477721+00:00 [validity_duration:86400] (../src/nrf/nnrf-handler.c:334)
06/19 03:20:01.478: [nrf] INFO: [2d45c024-0e50-41ee-84b2-255c66b3d716] Subscription created until 2023-06-20T03:20:01.478256+00:00 [validity_duration:86400] (../src/nrf/nnrf-handler.c:334)
06/19 03:20:27.967: [app] INFO: SIGTERM received (../src/main.c:53)
06/19 03:20:27.967: [app] INFO: Open5GS daemon terminating... (../src/main.c:226)
06/19 03:20:27.969: [nrf] INFO: [2ac7adc6-0e50-41ee-b071-f33be50309a3] NF de-registered (../src/nrf/nf-sm.c:205)
06/19 03:20:27.969: [nrf] INFO: [2bfdb2c6-0e50-41ee-a4fb-d32fcf928074] NF de-registered (../src/nrf/nf-sm.c:205)
06/19 03:20:27.969: [nrf] INFO: [2d320a16-0e50-41ee-9891-119a7648d214] NF de-registered (../src/nrf/nf-sm.c:205)
06/19 03:20:27.969: [nrf] INFO: [2d32e954-0e50-41ee-8b83-3dded4656f8a] NF de-registered (../src/nrf/nf-sm.c:205)
06/19 03:20:27.969: [nrf] INFO: [2d324a26-0e50-41ee-80ec-adeb9a050d59] NF de-registered (../src/nrf/nf-sm.c:205)
06/19 03:20:27.969: [nrf] INFO: [2d349de4-0e50-41ee-8e67-7df7c89e1ee0] NF de-registered (../src/nrf/nf-sm.c:205)
06/19 03:20:27.969: [nrf] INFO: [2d3c6cf4-0e50-41ee-bf4f-1f1d6235bc79] NF de-registered (../src/nrf/nf-sm.c:205)
06/19 03:20:27.969: [nrf] INFO: [2d3c7096-0e50-41ee-95b9-af631d46c2e6] NF de-registered (../src/nrf/nf-sm.c:205)
06/19 03:20:27.969: [app] INFO: NRF terminate...done (../src/nrf/app.c:39)
Open5GS daemon v2.6.4-22-g93bcd7f

06/19 03:21:01.380: [app] INFO: Configuration: '/home/vagrant/joder/open5gs/install/etc/open5gs/nrf.yaml' (../lib/app/ogs-init.c:126)
06/19 03:21:01.380: [app] INFO: File Logging: '/home/vagrant/joder/open5gs/install/var/log/open5gs/nrf.log' (../lib/app/ogs-init.c:129)
06/19 03:21:01.381: [sbi] INFO: nghttp2_server() [http://127.0.0.10]:7777 (../lib/sbi/nghttp2-server.c:395)
06/19 03:21:01.381: [sbi] INFO: nghttp2_server() [http://::1]:7777 (../lib/sbi/nghttp2-server.c:395)
06/19 03:21:01.381: [app] INFO: NRF initialize...done (../src/nrf/app.c:31)
06/19 03:21:03.398: [nrf] INFO: [522df82a-0e50-41ee-8c20-7baccc596e49] NF registered [Heartbeat:10s] (../src/nrf/nf-sm.c:190)
06/19 03:21:03.399: [nrf] INFO: [522e2890-0e50-41ee-9857-214cbe202114] Subscription created until 2023-06-20T03:21:03.399347+00:00 [validity_duration:86400] (../src/nrf/nnrf-handler.c:334)
06/19 03:21:03.399: [nrf] INFO: [522e2ee4-0e50-41ee-9857-214cbe202114] Subscription created until 2023-06-20T03:21:03.399502+00:00 [validity_duration:86400] (../src/nrf/nnrf-handler.c:334)
06/19 03:21:03.399: [nrf] INFO: [522e31f0-0e50-41ee-9857-214cbe202114] Subscription created until 2023-06-20T03:21:03.399580+00:00 [validity_duration:86400] (../src/nrf/nnrf-handler.c:334)
06/19 03:21:03.399: [nrf] INFO: [522e34f2-0e50-41ee-9857-214cbe202114] Subscription created until 2023-06-20T03:21:03.399656+00:00 [validity_duration:86400] (../src/nrf/nnrf-handler.c:334)
06/19 03:21:03.399: [nrf] INFO: [522e37d6-0e50-41ee-9857-214cbe202114] Subscription created until 2023-06-20T03:21:03.399731+00:00 [validity_duration:86400] (../src/nrf/nnrf-handler.c:334)
06/19 03:21:03.399: [nrf] INFO: [522e3ab0-0e50-41ee-9857-214cbe202114] Subscription created until 2023-06-20T03:21:03.399804+00:00 [validity_duration:86400] (../src/nrf/nnrf-handler.c:334)
06/19 03:21:03.400: [nrf] INFO: [522e4136-0e50-41ee-9857-214cbe202114] Subscription created until 2023-06-20T03:21:03.399971+00:00 [validity_duration:86400] (../src/nrf/nnrf-handler.c:334)
06/19 03:21:03.400: [nrf] INFO: [522e4550-0e50-41ee-9857-214cbe202114] Subscription created until 2023-06-20T03:21:03.400076+00:00 [validity_duration:86400] (../src/nrf/nnrf-handler.c:334)
06/19 03:21:05.452: [nrf] INFO: [53655b8e-0e50-41ee-83f9-71097b121f8d] NF registered [Heartbeat:10s] (../src/nrf/nf-sm.c:190)
06/19 03:21:05.457: [nrf] INFO: [536833ea-0e50-41ee-9857-214cbe202114] Subscription created until 2023-06-20T03:21:05.457541+00:00 [validity_duration:86400] (../src/nrf/nnrf-handler.c:334)
06/19 03:21:05.459: [nrf] INFO: [5368745e-0e50-41ee-9857-214cbe202114] Subscription created until 2023-06-20T03:21:05.459119+00:00 [validity_duration:86400] (../src/nrf/nnrf-handler.c:334)
06/19 03:21:05.459: [nrf] INFO: [53687a62-0e50-41ee-9857-214cbe202114] Subscription created until 2023-06-20T03:21:05.459271+00:00 [validity_duration:86400] (../src/nrf/nnrf-handler.c:334)
06/19 03:21:05.459: [nrf] INFO: [53688110-0e50-41ee-9857-214cbe202114] Subscription created until 2023-06-20T03:21:05.459439+00:00 [validity_duration:86400] (../src/nrf/nnrf-handler.c:334)
06/19 03:21:05.459: [nrf] INFO: [53688534-0e50-41ee-9857-214cbe202114] Subscription created until 2023-06-20T03:21:05.459544+00:00 [validity_duration:86400] (../src/nrf/nnrf-handler.c:334)
06/19 03:21:05.459: [nrf] INFO: [53688908-0e50-41ee-9857-214cbe202114] Subscription created until 2023-06-20T03:21:05.459643+00:00 [validity_duration:86400] (../src/nrf/nnrf-handler.c:334)
06/19 03:21:07.501: [nrf] INFO: [549d2766-0e50-41ee-86f2-4181acc66a6b] NF registered [Heartbeat:10s] (../src/nrf/nf-sm.c:190)
06/19 03:21:07.503: [nrf] INFO: [549e9114-0e50-41ee-b3dd-3ddf0d89cd59] NF registered [Heartbeat:10s] (../src/nrf/nf-sm.c:190)
06/19 03:21:07.505: [nrf] INFO: [54a0074c-0e50-41ee-b086-cd433b17196c] NF registered [Heartbeat:10s] (../src/nrf/nf-sm.c:190)
06/19 03:21:07.506: [nrf] INFO: [54a0e5fe-0e50-41ee-9857-214cbe202114] Subscription created until 2023-06-20T03:21:07.506765+00:00 [validity_duration:86400] (../src/nrf/nnrf-handler.c:334)
06/19 03:21:07.507: [nrf] INFO: [549ecc7e-0e50-41ee-9086-a36a2dbefd6b] NF registered [Heartbeat:10s] (../src/nrf/nf-sm.c:190)
06/19 03:21:07.510: [nrf] INFO: [54a1753c-0e50-41ee-9857-214cbe202114] Subscription created until 2023-06-20T03:21:07.510455+00:00 [validity_duration:86400] (../src/nrf/nnrf-handler.c:334)
06/19 03:21:07.511: [nrf] INFO: [54a18d4c-0e50-41ee-9857-214cbe202114] Subscription created until 2023-06-20T03:21:07.511028+00:00 [validity_duration:86400] (../src/nrf/nnrf-handler.c:334)
06/19 03:21:07.514: [nrf] INFO: [54a1a354-0e50-41ee-9d59-2972b1db90c2] NF registered [Heartbeat:10s] (../src/nrf/nf-sm.c:190)
06/19 03:21:07.519: [nrf] INFO: [54a29a0c-0e50-41ee-b622-47944bbe451a] NF registered [Heartbeat:10s] (../src/nrf/nf-sm.c:190)
06/19 03:21:07.520: [nrf] INFO: [54a31036-0e50-41ee-9857-214cbe202114] Subscription created until 2023-06-20T03:21:07.520946+00:00 [validity_duration:86400] (../src/nrf/nnrf-handler.c:334)
06/19 03:23:16.173: [app] INFO: SIGTERM received (../src/main.c:53)
06/19 03:23:16.173: [app] INFO: Open5GS daemon terminating... (../src/main.c:226)
06/19 03:23:16.176: [nrf] INFO: [522df82a-0e50-41ee-8c20-7baccc596e49] NF de-registered (../src/nrf/nf-sm.c:205)
06/19 03:23:16.176: [nrf] INFO: [53655b8e-0e50-41ee-83f9-71097b121f8d] NF de-registered (../src/nrf/nf-sm.c:205)
06/19 03:23:16.176: [nrf] INFO: [549d2766-0e50-41ee-86f2-4181acc66a6b] NF de-registered (../src/nrf/nf-sm.c:205)
06/19 03:23:16.176: [nrf] INFO: [549e9114-0e50-41ee-b3dd-3ddf0d89cd59] NF de-registered (../src/nrf/nf-sm.c:205)
06/19 03:23:16.176: [nrf] INFO: [54a0074c-0e50-41ee-b086-cd433b17196c] NF de-registered (../src/nrf/nf-sm.c:205)
06/19 03:23:16.176: [nrf] INFO: [549ecc7e-0e50-41ee-9086-a36a2dbefd6b] NF de-registered (../src/nrf/nf-sm.c:205)
06/19 03:23:16.176: [nrf] INFO: [54a1a354-0e50-41ee-9d59-2972b1db90c2] NF de-registered (../src/nrf/nf-sm.c:205)
06/19 03:23:16.176: [nrf] INFO: [54a29a0c-0e50-41ee-b622-47944bbe451a] NF de-registered (../src/nrf/nf-sm.c:205)
06/19 03:23:16.177: [app] INFO: NRF terminate...done (../src/nrf/app.c:39)
