Open5GS daemon v2.6.4-22-g93bcd7f

06/19 03:20:01.416: [app] INFO: Configuration: '/home/vagrant/joder/open5gs/install/etc/open5gs/pcf.yaml' (../lib/app/ogs-init.c:126)
06/19 03:20:01.416: [app] INFO: File Logging: '/home/vagrant/joder/open5gs/install/var/log/open5gs/pcf.log' (../lib/app/ogs-init.c:129)
06/19 03:20:01.417: [metrics] INFO: metrics_server() [http://127.0.0.13]:9090 (../lib/metrics/prometheus/context.c:299)
06/19 03:20:01.469: [dbi] INFO: MongoDB URI: 'mongodb://localhost/open5gs' (../lib/dbi/ogs-mongoc.c:130)
06/19 03:20:01.469: [sbi] INFO: NF Service [npcf-am-policy-control] (../lib/sbi/context.c:1438)
06/19 03:20:01.469: [sbi] INFO: NF Service [npcf-smpolicycontrol] (../lib/sbi/context.c:1438)
06/19 03:20:01.469: [sbi] INFO: NF Service [npcf-policyauthorization] (../lib/sbi/context.c:1438)
06/19 03:20:01.470: [sbi] INFO: nghttp2_server() [http://127.0.0.13]:7777 (../lib/sbi/nghttp2-server.c:395)
06/19 03:20:01.476: [app] INFO: PCF initialize...done (../src/pcf/app.c:31)
06/19 03:20:01.477: [sbi] INFO: [2d3c7096-0e50-41ee-95b9-af631d46c2e6] NF registered [Heartbeat:10s] (../lib/sbi/nf-sm.c:214)
06/19 03:20:01.478: [sbi] INFO: [2d45a990-0e50-41ee-84b2-255c66b3d716] Subscription created until 2023-06-20T03:20:01.477721+00:00 [duration:86400,validity:86399.999004,patch:43199.999502] (../lib/sbi/nnrf-handler.c:509)
06/19 03:20:01.478: [sbi] INFO: [2d45c024-0e50-41ee-84b2-255c66b3d716] Subscription created until 2023-06-20T03:20:01.478256+00:00 [duration:86400,validity:86399.999408,patch:43199.999704] (../lib/sbi/nnrf-handler.c:509)
06/19 03:20:27.968: [app] INFO: SIGTERM received (../src/main.c:53)
06/19 03:20:27.968: [app] INFO: Open5GS daemon terminating... (../src/main.c:226)
06/19 03:20:27.968: [sbi] INFO: [2d3c7096-0e50-41ee-95b9-af631d46c2e6] NF de-registered (../lib/sbi/nf-sm.c:240)
06/19 03:20:27.974: [app] INFO: PCF terminate...done (../src/pcf/app.c:39)
Open5GS daemon v2.6.4-22-g93bcd7f

06/19 03:21:07.490: [app] INFO: Configuration: '/home/vagrant/joder/open5gs/install/etc/open5gs/pcf.yaml' (../lib/app/ogs-init.c:126)
06/19 03:21:07.490: [app] INFO: File Logging: '/home/vagrant/joder/open5gs/install/var/log/open5gs/pcf.log' (../lib/app/ogs-init.c:129)
06/19 03:21:07.493: [metrics] INFO: metrics_server() [http://127.0.0.13]:9090 (../lib/metrics/prometheus/context.c:299)
06/19 03:21:07.500: [dbi] INFO: MongoDB URI: 'mongodb://localhost/open5gs' (../lib/dbi/ogs-mongoc.c:130)
06/19 03:21:07.500: [sbi] INFO: NF Service [npcf-am-policy-control] (../lib/sbi/context.c:1438)
06/19 03:21:07.500: [sbi] INFO: NF Service [npcf-smpolicycontrol] (../lib/sbi/context.c:1438)
06/19 03:21:07.500: [sbi] INFO: NF Service [npcf-policyauthorization] (../lib/sbi/context.c:1438)
06/19 03:21:07.501: [sbi] INFO: nghttp2_server() [http://127.0.0.13]:7777 (../lib/sbi/nghttp2-server.c:395)
06/19 03:21:07.507: [app] INFO: PCF initialize...done (../src/pcf/app.c:31)
06/19 03:21:07.509: [sbi] INFO: [549ecc7e-0e50-41ee-9086-a36a2dbefd6b] NF registered [Heartbeat:10s] (../lib/sbi/nf-sm.c:214)
06/19 03:21:07.512: [sbi] INFO: [54a1753c-0e50-41ee-9857-214cbe202114] Subscription created until 2023-06-20T03:21:07.510455+00:00 [duration:86400,validity:86399.998139,patch:43199.999069] (../lib/sbi/nnrf-handler.c:509)
06/19 03:21:07.512: [sbi] INFO: [54a18d4c-0e50-41ee-9857-214cbe202114] Subscription created until 2023-06-20T03:21:07.511028+00:00 [duration:86400,validity:86399.998651,patch:43199.999325] (../lib/sbi/nnrf-handler.c:509)
06/19 03:21:07.515: [sbi] INFO: [54a1a354-0e50-41ee-9d59-2972b1db90c2] (NRF-notify) NF registered (../lib/sbi/nnrf-handler.c:725)
06/19 03:21:07.515: [sbi] INFO: [54a1a354-0e50-41ee-9d59-2972b1db90c2] (NRF-notify) NF Profile updated (../lib/sbi/nnrf-handler.c:735)
06/19 03:23:16.175: [app] INFO: SIGTERM received (../src/main.c:53)
06/19 03:23:16.175: [app] INFO: Open5GS daemon terminating... (../src/main.c:226)
06/19 03:23:16.175: [sbi] INFO: [549ecc7e-0e50-41ee-9086-a36a2dbefd6b] NF de-registered (../lib/sbi/nf-sm.c:240)
06/19 03:23:16.181: [app] INFO: PCF terminate...done (../src/pcf/app.c:39)
