Open5GS daemon v2.6.4-22-g93bcd7f

06/19 03:19:57.294: [app] INFO: Configuration: '/home/vagrant/joder/open5gs/install/etc/open5gs/scp.yaml' (../lib/app/ogs-init.c:126)
06/19 03:19:57.295: [app] INFO: File Logging: '/home/vagrant/joder/open5gs/install/var/log/open5gs/scp.log' (../lib/app/ogs-init.c:129)
06/19 03:19:57.303: [sbi] INFO: nghttp2_server() [http://127.0.1.10]:7777 (../lib/sbi/nghttp2-server.c:395)
06/19 03:19:57.303: [app] INFO: SCP initialize...done (../src/scp/app.c:31)
06/19 03:19:57.310: [sbi] INFO: [2ac7adc6-0e50-41ee-b071-f33be50309a3] NF registered [Heartbeat:10s] (../lib/sbi/nf-sm.c:214)
06/19 03:19:57.316: [sbi] INFO: [2aca4216-0e50-41ee-84b2-255c66b3d716] Subscription created until 2023-06-20T03:19:57.313509+00:00 [duration:86400,validity:86399.997340,patch:43199.998670] (../lib/sbi/nnrf-handler.c:509)
06/19 03:19:57.316: [sbi] INFO: [2aca51a2-0e50-41ee-84b2-255c66b3d716] Subscription created until 2023-06-20T03:19:57.313894+00:00 [duration:86400,validity:86399.997644,patch:43199.998822] (../lib/sbi/nnrf-handler.c:509)
06/19 03:19:57.316: [sbi] INFO: [2aca5e04-0e50-41ee-84b2-255c66b3d716] Subscription created until 2023-06-20T03:19:57.314209+00:00 [duration:86400,validity:86399.997896,patch:43199.998948] (../lib/sbi/nnrf-handler.c:509)
06/19 03:19:57.316: [sbi] INFO: [2aca6dae-0e50-41ee-84b2-255c66b3d716] Subscription created until 2023-06-20T03:19:57.314611+00:00 [duration:86400,validity:86399.998238,patch:43199.999119] (../lib/sbi/nnrf-handler.c:509)
06/19 03:19:57.316: [sbi] INFO: [2aca79a2-0e50-41ee-84b2-255c66b3d716] Subscription created until 2023-06-20T03:19:57.314917+00:00 [duration:86400,validity:86399.998485,patch:43199.999242] (../lib/sbi/nnrf-handler.c:509)
06/19 03:19:57.316: [sbi] INFO: [2aca8564-0e50-41ee-84b2-255c66b3d716] Subscription created until 2023-06-20T03:19:57.315221+00:00 [duration:86400,validity:86399.998732,patch:43199.999366] (../lib/sbi/nnrf-handler.c:509)
06/19 03:19:57.316: [sbi] INFO: [2aca9482-0e50-41ee-84b2-255c66b3d716] Subscription created until 2023-06-20T03:19:57.315605+00:00 [duration:86400,validity:86399.999060,patch:43199.999530] (../lib/sbi/nnrf-handler.c:509)
06/19 03:19:57.316: [sbi] INFO: [2acaa062-0e50-41ee-84b2-255c66b3d716] Subscription created until 2023-06-20T03:19:57.315908+00:00 [duration:86400,validity:86399.999262,patch:43199.999631] (../lib/sbi/nnrf-handler.c:509)
06/19 03:19:59.336: [sbi] INFO: [2bfdb2c6-0e50-41ee-a4fb-d32fcf928074] (NRF-notify) NF registered (../lib/sbi/nnrf-handler.c:725)
06/19 03:19:59.336: [sbi] INFO: [2bfdb2c6-0e50-41ee-a4fb-d32fcf928074] (NRF-notify) NF Profile updated (../lib/sbi/nnrf-handler.c:735)
06/19 03:20:01.361: [sbi] INFO: [2d320a16-0e50-41ee-9891-119a7648d214] (NRF-notify) NF registered (../lib/sbi/nnrf-handler.c:725)
06/19 03:20:01.361: [sbi] INFO: [2d320a16-0e50-41ee-9891-119a7648d214] (NRF-notify) NF Profile updated (../lib/sbi/nnrf-handler.c:735)
06/19 03:20:01.365: [sbi] INFO: [2d32e954-0e50-41ee-8b83-3dded4656f8a] (NRF-notify) NF registered (../lib/sbi/nnrf-handler.c:725)
06/19 03:20:01.365: [sbi] INFO: [2d32e954-0e50-41ee-8b83-3dded4656f8a] (NRF-notify) NF Profile updated (../lib/sbi/nnrf-handler.c:735)
06/19 03:20:01.369: [sbi] INFO: [2d324a26-0e50-41ee-80ec-adeb9a050d59] (NRF-notify) NF registered (../lib/sbi/nnrf-handler.c:725)
06/19 03:20:01.369: [sbi] INFO: [2d324a26-0e50-41ee-80ec-adeb9a050d59] (NRF-notify) NF Profile updated (../lib/sbi/nnrf-handler.c:735)
06/19 03:20:01.379: [sbi] INFO: [2d349de4-0e50-41ee-8e67-7df7c89e1ee0] (NRF-notify) NF registered (../lib/sbi/nnrf-handler.c:725)
06/19 03:20:01.379: [sbi] INFO: [2d349de4-0e50-41ee-8e67-7df7c89e1ee0] (NRF-notify) NF Profile updated (../lib/sbi/nnrf-handler.c:735)
06/19 03:20:01.474: [sbi] INFO: [2d3c6cf4-0e50-41ee-bf4f-1f1d6235bc79] (NRF-notify) NF registered (../lib/sbi/nnrf-handler.c:725)
06/19 03:20:01.474: [sbi] INFO: [2d3c6cf4-0e50-41ee-bf4f-1f1d6235bc79] (NRF-notify) NF Profile updated (../lib/sbi/nnrf-handler.c:735)
06/19 03:20:01.476: [sbi] INFO: [2d3c7096-0e50-41ee-95b9-af631d46c2e6] (NRF-notify) NF registered (../lib/sbi/nnrf-handler.c:725)
06/19 03:20:01.476: [sbi] INFO: [2d3c7096-0e50-41ee-95b9-af631d46c2e6] (NRF-notify) NF Profile updated (../lib/sbi/nnrf-handler.c:735)
06/19 03:20:27.967: [app] INFO: SIGTERM received (../src/main.c:53)
06/19 03:20:27.967: [app] INFO: Open5GS daemon terminating... (../src/main.c:226)
06/19 03:20:27.967: [sbi] INFO: [2ac7adc6-0e50-41ee-b071-f33be50309a3] NF de-registered (../lib/sbi/nf-sm.c:240)
06/19 03:20:27.974: [app] INFO: SCP terminate...done (../src/scp/app.c:39)
Open5GS daemon v2.6.4-22-g93bcd7f

06/19 03:21:03.397: [app] INFO: Configuration: '/home/vagrant/joder/open5gs/install/etc/open5gs/scp.yaml' (../lib/app/ogs-init.c:126)
06/19 03:21:03.397: [app] INFO: File Logging: '/home/vagrant/joder/open5gs/install/var/log/open5gs/scp.log' (../lib/app/ogs-init.c:129)
06/19 03:21:03.398: [sbi] INFO: nghttp2_server() [http://127.0.1.10]:7777 (../lib/sbi/nghttp2-server.c:395)
06/19 03:21:03.398: [app] INFO: SCP initialize...done (../src/scp/app.c:31)
06/19 03:21:03.399: [sbi] INFO: [522df82a-0e50-41ee-8c20-7baccc596e49] NF registered [Heartbeat:10s] (../lib/sbi/nf-sm.c:214)
06/19 03:21:03.400: [sbi] INFO: [522e2890-0e50-41ee-9857-214cbe202114] Subscription created until 2023-06-20T03:21:03.399347+00:00 [duration:86400,validity:86399.999341,patch:43199.999670] (../lib/sbi/nnrf-handler.c:509)
06/19 03:21:03.400: [sbi] INFO: [522e2ee4-0e50-41ee-9857-214cbe202114] Subscription created until 2023-06-20T03:21:03.399502+00:00 [duration:86400,validity:86399.999253,patch:43199.999626] (../lib/sbi/nnrf-handler.c:509)
06/19 03:21:03.400: [sbi] INFO: [522e31f0-0e50-41ee-9857-214cbe202114] Subscription created until 2023-06-20T03:21:03.399580+00:00 [duration:86400,validity:86399.999136,patch:43199.999568] (../lib/sbi/nnrf-handler.c:509)
06/19 03:21:03.400: [sbi] INFO: [522e34f2-0e50-41ee-9857-214cbe202114] Subscription created until 2023-06-20T03:21:03.399656+00:00 [duration:86400,validity:86399.999179,patch:43199.999589] (../lib/sbi/nnrf-handler.c:509)
06/19 03:21:03.400: [sbi] INFO: [522e37d6-0e50-41ee-9857-214cbe202114] Subscription created until 2023-06-20T03:21:03.399731+00:00 [duration:86400,validity:86399.999216,patch:43199.999608] (../lib/sbi/nnrf-handler.c:509)
06/19 03:21:03.400: [sbi] INFO: [522e3ab0-0e50-41ee-9857-214cbe202114] Subscription created until 2023-06-20T03:21:03.399804+00:00 [duration:86400,validity:86399.999169,patch:43199.999584] (../lib/sbi/nnrf-handler.c:509)
06/19 03:21:03.400: [sbi] INFO: [522e4136-0e50-41ee-9857-214cbe202114] Subscription created until 2023-06-20T03:21:03.399971+00:00 [duration:86400,validity:86399.999155,patch:43199.999577] (../lib/sbi/nnrf-handler.c:509)
06/19 03:21:03.400: [sbi] INFO: [522e4550-0e50-41ee-9857-214cbe202114] Subscription created until 2023-06-20T03:21:03.400076+00:00 [duration:86400,validity:86399.999228,patch:43199.999614] (../lib/sbi/nnrf-handler.c:509)
06/19 03:21:05.454: [sbi] INFO: [53655b8e-0e50-41ee-83f9-71097b121f8d] (NRF-notify) NF registered (../lib/sbi/nnrf-handler.c:725)
06/19 03:21:05.454: [sbi] INFO: [53655b8e-0e50-41ee-83f9-71097b121f8d] (NRF-notify) NF Profile updated (../lib/sbi/nnrf-handler.c:735)
06/19 03:21:07.502: [sbi] INFO: [549d2766-0e50-41ee-86f2-4181acc66a6b] (NRF-notify) NF registered (../lib/sbi/nnrf-handler.c:725)
06/19 03:21:07.502: [sbi] INFO: [549d2766-0e50-41ee-86f2-4181acc66a6b] (NRF-notify) NF Profile updated (../lib/sbi/nnrf-handler.c:735)
06/19 03:21:07.504: [sbi] INFO: [549e9114-0e50-41ee-b3dd-3ddf0d89cd59] (NRF-notify) NF registered (../lib/sbi/nnrf-handler.c:725)
06/19 03:21:07.504: [sbi] INFO: [549e9114-0e50-41ee-b3dd-3ddf0d89cd59] (NRF-notify) NF Profile updated (../lib/sbi/nnrf-handler.c:735)
06/19 03:21:07.506: [sbi] INFO: [54a0074c-0e50-41ee-b086-cd433b17196c] (NRF-notify) NF registered (../lib/sbi/nnrf-handler.c:725)
06/19 03:21:07.506: [sbi] INFO: [54a0074c-0e50-41ee-b086-cd433b17196c] (NRF-notify) NF Profile updated (../lib/sbi/nnrf-handler.c:735)
06/19 03:21:07.508: [sbi] INFO: [549ecc7e-0e50-41ee-9086-a36a2dbefd6b] (NRF-notify) NF registered (../lib/sbi/nnrf-handler.c:725)
06/19 03:21:07.508: [sbi] INFO: [549ecc7e-0e50-41ee-9086-a36a2dbefd6b] (NRF-notify) NF Profile updated (../lib/sbi/nnrf-handler.c:735)
06/19 03:21:07.514: [sbi] INFO: [54a1a354-0e50-41ee-9d59-2972b1db90c2] (NRF-notify) NF registered (../lib/sbi/nnrf-handler.c:725)
06/19 03:21:07.515: [sbi] INFO: [54a1a354-0e50-41ee-9d59-2972b1db90c2] (NRF-notify) NF Profile updated (../lib/sbi/nnrf-handler.c:735)
06/19 03:21:07.520: [sbi] INFO: [54a29a0c-0e50-41ee-b622-47944bbe451a] (NRF-notify) NF registered (../lib/sbi/nnrf-handler.c:725)
06/19 03:21:07.520: [sbi] INFO: [54a29a0c-0e50-41ee-b622-47944bbe451a] (NRF-notify) NF Profile updated (../lib/sbi/nnrf-handler.c:735)
06/19 03:23:16.175: [app] INFO: SIGTERM received (../src/main.c:53)
06/19 03:23:16.175: [app] INFO: Open5GS daemon terminating... (../src/main.c:226)
06/19 03:23:16.175: [sbi] INFO: [522df82a-0e50-41ee-8c20-7baccc596e49] NF de-registered (../lib/sbi/nf-sm.c:240)
06/19 03:23:16.184: [sbi] ERROR: on_stream_close_callback() failed (5:STREAM_CLOSED) (../lib/sbi/nghttp2-server.c:1146)
06/19 03:23:16.184: [sbi] ERROR: on_stream_close_callback() failed (5:STREAM_CLOSED) (../lib/sbi/nghttp2-server.c:1146)
06/19 03:23:16.184: [sbi] ERROR: on_stream_close_callback() failed (5:STREAM_CLOSED) (../lib/sbi/nghttp2-server.c:1146)
06/19 03:23:16.184: [sbi] ERROR: on_stream_close_callback() failed (5:STREAM_CLOSED) (../lib/sbi/nghttp2-server.c:1146)
06/19 03:23:16.184: [sbi] ERROR: on_stream_close_callback() failed (5:STREAM_CLOSED) (../lib/sbi/nghttp2-server.c:1146)
06/19 03:23:16.184: [sbi] ERROR: on_stream_close_callback() failed (5:STREAM_CLOSED) (../lib/sbi/nghttp2-server.c:1146)
06/19 03:23:16.184: [sbi] ERROR: on_stream_close_callback() failed (5:STREAM_CLOSED) (../lib/sbi/nghttp2-server.c:1146)
06/19 03:23:16.184: [sbi] WARNING: [7] Failed to connect to ::1 port 7777 after 0 ms: Connection refused (../lib/sbi/client.c:626)
06/19 03:23:16.184: [sbi] WARNING: ogs_sbi_client_handler() failed [-1] (../lib/sbi/path.c:59)
06/19 03:23:16.184: [sbi] WARNING: [7] Failed to connect to ::1 port 7777 after 0 ms: Connection refused (../lib/sbi/client.c:626)
06/19 03:23:16.184: [scp] WARNING: response_handler() failed [-1] (../src/scp/sbi-path.c:539)
06/19 03:23:16.186: [sbi] ERROR: stream has already been removed (../lib/sbi/nghttp2-server.c:565)
06/19 03:23:16.186: [sbi] WARNING: [7] Failed to connect to ::1 port 7777 after 0 ms: Connection refused (../lib/sbi/client.c:626)
06/19 03:23:16.186: [scp] WARNING: response_handler() failed [-1] (../src/scp/sbi-path.c:539)
06/19 03:23:16.186: [sbi] ERROR: stream has already been removed (../lib/sbi/nghttp2-server.c:565)
06/19 03:23:16.186: [sbi] WARNING: [7] Failed to connect to ::1 port 7777 after 0 ms: Connection refused (../lib/sbi/client.c:626)
06/19 03:23:16.186: [scp] WARNING: response_handler() failed [-1] (../src/scp/sbi-path.c:539)
06/19 03:23:16.186: [sbi] ERROR: stream has already been removed (../lib/sbi/nghttp2-server.c:565)
06/19 03:23:16.186: [sbi] WARNING: [7] Failed to connect to ::1 port 7777 after 0 ms: Connection refused (../lib/sbi/client.c:626)
06/19 03:23:16.186: [scp] WARNING: response_handler() failed [-1] (../src/scp/sbi-path.c:539)
06/19 03:23:16.186: [sbi] ERROR: stream has already been removed (../lib/sbi/nghttp2-server.c:565)
06/19 03:23:16.186: [sbi] WARNING: [7] Failed to connect to ::1 port 7777 after 0 ms: Connection refused (../lib/sbi/client.c:626)
06/19 03:23:16.186: [scp] WARNING: response_handler() failed [-1] (../src/scp/sbi-path.c:539)
06/19 03:23:16.186: [sbi] ERROR: stream has already been removed (../lib/sbi/nghttp2-server.c:565)
06/19 03:23:16.186: [sbi] WARNING: [7] Failed to connect to ::1 port 7777 after 0 ms: Connection refused (../lib/sbi/client.c:626)
06/19 03:23:16.186: [scp] WARNING: response_handler() failed [-1] (../src/scp/sbi-path.c:539)
06/19 03:23:16.186: [sbi] ERROR: stream has already been removed (../lib/sbi/nghttp2-server.c:565)
06/19 03:23:16.186: [sbi] WARNING: [7] Failed to connect to ::1 port 7777 after 0 ms: Connection refused (../lib/sbi/client.c:626)
06/19 03:23:16.186: [scp] WARNING: response_handler() failed [-1] (../src/scp/sbi-path.c:539)
06/19 03:23:16.186: [sbi] ERROR: stream has already been removed (../lib/sbi/nghttp2-server.c:565)
06/19 03:23:16.188: [app] INFO: SCP terminate...done (../src/scp/app.c:39)
