Open5GS daemon v2.6.4-22-g93bcd7f

06/19 03:20:01.347: [app] INFO: Configuration: '/home/vagrant/joder/open5gs/install/etc/open5gs/udm.yaml' (../lib/app/ogs-init.c:126)
06/19 03:20:01.347: [app] INFO: File Logging: '/home/vagrant/joder/open5gs/install/var/log/open5gs/udm.log' (../lib/app/ogs-init.c:129)
06/19 03:20:01.363: [sbi] INFO: NF Service [nudm-ueau] (../lib/sbi/context.c:1438)
06/19 03:20:01.363: [sbi] INFO: NF Service [nudm-uecm] (../lib/sbi/context.c:1438)
06/19 03:20:01.363: [sbi] INFO: NF Service [nudm-sdm] (../lib/sbi/context.c:1438)
06/19 03:20:01.363: [sbi] INFO: nghttp2_server() [http://127.0.0.12]:7777 (../lib/sbi/nghttp2-server.c:395)
06/19 03:20:01.367: [app] INFO: UDM initialize...done (../src/udm/app.c:31)
06/19 03:20:01.374: [sbi] INFO: [2d324a26-0e50-41ee-80ec-adeb9a050d59] NF registered [Heartbeat:10s] (../lib/sbi/nf-sm.c:214)
06/19 03:20:01.383: [sbi] INFO: [2d36cbdc-0e50-41ee-84b2-255c66b3d716] Subscription created until 2023-06-20T03:20:01.380285+00:00 [duration:86400,validity:86399.997042,patch:43199.998521] (../lib/sbi/nnrf-handler.c:509)
06/19 03:20:01.475: [sbi] INFO: [2d3c6cf4-0e50-41ee-bf4f-1f1d6235bc79] (NRF-notify) NF registered (../lib/sbi/nnrf-handler.c:725)
06/19 03:20:01.475: [sbi] INFO: [2d3c6cf4-0e50-41ee-bf4f-1f1d6235bc79] (NRF-notify) NF Profile updated (../lib/sbi/nnrf-handler.c:735)
06/19 03:20:27.968: [app] INFO: SIGTERM received (../src/main.c:53)
06/19 03:20:27.968: [app] INFO: Open5GS daemon terminating... (../src/main.c:226)
06/19 03:20:27.968: [sbi] INFO: [2d324a26-0e50-41ee-80ec-adeb9a050d59] NF de-registered (../lib/sbi/nf-sm.c:240)
06/19 03:20:27.970: [app] INFO: UDM terminate...done (../src/udm/app.c:39)
Open5GS daemon v2.6.4-22-g93bcd7f

06/19 03:21:07.516: [app] INFO: Configuration: '/home/vagrant/joder/open5gs/install/etc/open5gs/udm.yaml' (../lib/app/ogs-init.c:126)
06/19 03:21:07.516: [app] INFO: File Logging: '/home/vagrant/joder/open5gs/install/var/log/open5gs/udm.log' (../lib/app/ogs-init.c:129)
06/19 03:21:07.518: [sbi] INFO: NF Service [nudm-ueau] (../lib/sbi/context.c:1438)
06/19 03:21:07.518: [sbi] INFO: NF Service [nudm-uecm] (../lib/sbi/context.c:1438)
06/19 03:21:07.518: [sbi] INFO: NF Service [nudm-sdm] (../lib/sbi/context.c:1438)
06/19 03:21:07.518: [sbi] INFO: nghttp2_server() [http://127.0.0.12]:7777 (../lib/sbi/nghttp2-server.c:395)
06/19 03:21:07.518: [app] INFO: UDM initialize...done (../src/udm/app.c:31)
06/19 03:21:07.520: [sbi] INFO: [54a29a0c-0e50-41ee-b622-47944bbe451a] NF registered [Heartbeat:10s] (../lib/sbi/nf-sm.c:214)
06/19 03:21:07.521: [sbi] INFO: [54a31036-0e50-41ee-9857-214cbe202114] Subscription created until 2023-06-20T03:21:07.520946+00:00 [duration:86400,validity:86399.999694,patch:43199.999847] (../lib/sbi/nnrf-handler.c:509)
06/19 03:23:16.175: [app] INFO: SIGTERM received (../src/main.c:53)
06/19 03:23:16.175: [app] INFO: Open5GS daemon terminating... (../src/main.c:226)
06/19 03:23:16.175: [sbi] INFO: [54a29a0c-0e50-41ee-b622-47944bbe451a] NF de-registered (../lib/sbi/nf-sm.c:240)
06/19 03:23:16.178: [app] INFO: UDM terminate...done (../src/udm/app.c:39)
